Command: /home/hedu22/dev/SPI_I2C_UVM/././build/simv +UVM_TESTNAME=test -l ././build/simv.log +fsdbfile+./build/wave.fsdb
Chronologic VCS simulator copyright 1991-2024
Contains Synopsys proprietary information.
Compiler version W-2024.09-SP1_Full64; Runtime version W-2024.09-SP1_Full64;  May 23 18:48 2025
UVM_INFO /tools/synopsys/vcs/W-2024.09-SP1/etc/uvm-1.2/base/uvm_root.svh(402) @ 0: reporter [UVM/RELNOTES] 
----------------------------------------------------------------
UVM-1.2.Synopsys
(C) 2007-2014 Mentor Graphics Corporation
(C) 2007-2014 Cadence Design Systems, Inc.
(C) 2006-2014 Synopsys, Inc.
(C) 2011-2013 Cypress Semiconductor Corp.
(C) 2013-2014 NVIDIA Corporation
----------------------------------------------------------------

  ***********       IMPORTANT RELEASE NOTES         ************

  You are using a version of the UVM library that has been compiled
  with `UVM_NO_DEPRECATED undefined.
  See http://www.eda.org/svdb/view.php?id=3313 for more details.

  You are using a version of the UVM library that has been compiled
  with `UVM_OBJECT_DO_NOT_NEED_CONSTRUCTOR undefined.
  See http://www.eda.org/svdb/view.php?id=3770 for more details.

      (Specify +UVM_NO_RELNOTES to turn off this notice)

UVM_INFO @ 0: reporter [RNTST] Running test test...
UVM_INFO /tools/synopsys/vcs/W-2024.09-SP1/etc/uvm-1.2/base/uvm_root.svh(589) @ 0: reporter [UVMTOP] UVM testbench topology:
--------------------------------------------------------------
Name                       Type                    Size  Value
--------------------------------------------------------------
uvm_test_top               test                    -     @342 
  ENV                      SPI_environment         -     @361 
    AGT                    SPI_agent               -     @389 
      DRV                  SPI_driver              -     @418 
        rsp_port           uvm_analysis_port       -     @437 
        seq_item_port      uvm_seq_item_pull_port  -     @427 
      MON                  SPI_monitor             -     @399 
        WRITE              uvm_analysis_port       -     @408 
      SQR                  uvm_sequencer           -     @447 
        rsp_export         uvm_analysis_export     -     @456 
        seq_item_export    uvm_seq_item_pull_imp   -     @574 
        arbitration_queue  array                   0     -    
        lock_queue         array                   0     -    
        num_last_reqs      integral                32    'd1  
        num_last_rsps      integral                32    'd1  
    SCO                    SPI_scoreboard          -     @370 
      READ                 uvm_analysis_imp        -     @379 
--------------------------------------------------------------

UVM_INFO ./tb/tb_SPI.sv(60) @ 0: uvm_test_top.ENV.AGT.SQR@@SEQ [SEQ] === Starting SPI Test Scenario ===
UVM_INFO ./tb/tb_SPI.sv(142) @ 195000: uvm_test_top.ENV.AGT.DRV [DRV] SS = 0 (Start of scenario)
UVM_INFO ./tb/tb_SPI.sv(89) @ 195000: uvm_test_top.ENV.AGT.SQR@@SEQ [SEQ] Random tx_data: 0x2d
UVM_INFO ./tb/tb_SPI.sv(181) @ 205000: uvm_test_top.ENV.AGT.DRV [DRV] Drive[0]: tx=0x45
UVM_INFO ./tb/tb_SPI.sv(241) @ 8206000: uvm_test_top.ENV.AGT.MON [MON] sampled tx:0x2d, rx:0x2d, done:1
UVM_INFO ./tb/tb_SPI.sv(269) @ 8206000: uvm_test_top.ENV.SCO [SCO] Recieved tx_data:45
UVM_INFO ./tb/tb_SPI.sv(273) @ 8206000: uvm_test_top.ENV.SCO [SCO] *** TEST PASSED ***, tx_data:45, rx_data:45
UVM_INFO ./tb/tb_SPI.sv(202) @ 8225000: uvm_test_top.ENV.AGT.DRV [DRV] Completed[0]: rx=0x45
UVM_INFO ./tb/tb_SPI.sv(89) @ 8225000: uvm_test_top.ENV.AGT.SQR@@SEQ [SEQ] Random tx_data: 0xc9
UVM_INFO ./tb/tb_SPI.sv(181) @ 8235000: uvm_test_top.ENV.AGT.DRV [DRV] Drive[0]: tx=0x201
UVM_INFO ./tb/tb_SPI.sv(241) @ 16236000: uvm_test_top.ENV.AGT.MON [MON] sampled tx:0xc9, rx:0xc9, done:1
UVM_INFO ./tb/tb_SPI.sv(269) @ 16236000: uvm_test_top.ENV.SCO [SCO] Recieved tx_data:201
UVM_INFO ./tb/tb_SPI.sv(273) @ 16236000: uvm_test_top.ENV.SCO [SCO] *** TEST PASSED ***, tx_data:201, rx_data:201
UVM_INFO ./tb/tb_SPI.sv(202) @ 16255000: uvm_test_top.ENV.AGT.DRV [DRV] Completed[0]: rx=0x201
UVM_INFO ./tb/tb_SPI.sv(89) @ 16255000: uvm_test_top.ENV.AGT.SQR@@SEQ [SEQ] Random tx_data: 0x35
UVM_INFO ./tb/tb_SPI.sv(181) @ 16265000: uvm_test_top.ENV.AGT.DRV [DRV] Drive[0]: tx=0x53
UVM_INFO ./tb/tb_SPI.sv(241) @ 24266000: uvm_test_top.ENV.AGT.MON [MON] sampled tx:0x35, rx:0x35, done:1
UVM_INFO ./tb/tb_SPI.sv(269) @ 24266000: uvm_test_top.ENV.SCO [SCO] Recieved tx_data:53
UVM_INFO ./tb/tb_SPI.sv(273) @ 24266000: uvm_test_top.ENV.SCO [SCO] *** TEST PASSED ***, tx_data:53, rx_data:53
UVM_INFO ./tb/tb_SPI.sv(202) @ 24285000: uvm_test_top.ENV.AGT.DRV [DRV] Completed[0]: rx=0x53
UVM_INFO ./tb/tb_SPI.sv(89) @ 24285000: uvm_test_top.ENV.AGT.SQR@@SEQ [SEQ] Random tx_data: 0x84
UVM_INFO ./tb/tb_SPI.sv(181) @ 24295000: uvm_test_top.ENV.AGT.DRV [DRV] Drive[0]: tx=0x132
UVM_INFO ./tb/tb_SPI.sv(241) @ 32296000: uvm_test_top.ENV.AGT.MON [MON] sampled tx:0x84, rx:0x84, done:1
UVM_INFO ./tb/tb_SPI.sv(269) @ 32296000: uvm_test_top.ENV.SCO [SCO] Recieved tx_data:132
UVM_INFO ./tb/tb_SPI.sv(273) @ 32296000: uvm_test_top.ENV.SCO [SCO] *** TEST PASSED ***, tx_data:132, rx_data:132
UVM_INFO ./tb/tb_SPI.sv(202) @ 32315000: uvm_test_top.ENV.AGT.DRV [DRV] Completed[0]: rx=0x132
UVM_INFO ./tb/tb_SPI.sv(89) @ 32315000: uvm_test_top.ENV.AGT.SQR@@SEQ [SEQ] Random tx_data: 0xc3
UVM_INFO ./tb/tb_SPI.sv(181) @ 32325000: uvm_test_top.ENV.AGT.DRV [DRV] Drive[0]: tx=0x195
UVM_INFO ./tb/tb_SPI.sv(241) @ 40326000: uvm_test_top.ENV.AGT.MON [MON] sampled tx:0xc3, rx:0xc3, done:1
UVM_INFO ./tb/tb_SPI.sv(269) @ 40326000: uvm_test_top.ENV.SCO [SCO] Recieved tx_data:195
UVM_INFO ./tb/tb_SPI.sv(273) @ 40326000: uvm_test_top.ENV.SCO [SCO] *** TEST PASSED ***, tx_data:195, rx_data:195
UVM_INFO ./tb/tb_SPI.sv(202) @ 40345000: uvm_test_top.ENV.AGT.DRV [DRV] Completed[0]: rx=0x195
UVM_INFO ./tb/tb_SPI.sv(101) @ 40345000: uvm_test_top.ENV.AGT.SQR@@SEQ [SEQ] Fixed tx_data: 0x00
UVM_INFO ./tb/tb_SPI.sv(150) @ 40345000: uvm_test_top.ENV.AGT.DRV [DRV] SS = 1 (End of Write phase)
UVM_INFO ./tb/tb_SPI.sv(153) @ 40395000: uvm_test_top.ENV.AGT.DRV [DRV] SS = 0 (Start of Read phase)
UVM_INFO ./tb/tb_SPI.sv(181) @ 40405000: uvm_test_top.ENV.AGT.DRV [DRV] Drive[0]: tx=0x0
UVM_INFO ./tb/tb_SPI.sv(241) @ 48406000: uvm_test_top.ENV.AGT.MON [MON] sampled tx:0x00, rx:0x00, done:1
UVM_INFO ./tb/tb_SPI.sv(269) @ 48406000: uvm_test_top.ENV.SCO [SCO] Recieved tx_data:0
UVM_INFO ./tb/tb_SPI.sv(273) @ 48406000: uvm_test_top.ENV.SCO [SCO] *** TEST PASSED ***, tx_data:0, rx_data:0
UVM_INFO ./tb/tb_SPI.sv(202) @ 48425000: uvm_test_top.ENV.AGT.DRV [DRV] Completed[0]: rx=0x00
UVM_INFO ./tb/tb_SPI.sv(101) @ 48425000: uvm_test_top.ENV.AGT.SQR@@SEQ [SEQ] Fixed tx_data: 0xff
UVM_INFO ./tb/tb_SPI.sv(181) @ 48435000: uvm_test_top.ENV.AGT.DRV [DRV] Drive[0]: tx=0x255
UVM_INFO ./tb/tb_SPI.sv(241) @ 56436000: uvm_test_top.ENV.AGT.MON [MON] sampled tx:0xff, rx:0xff, done:1
UVM_INFO ./tb/tb_SPI.sv(269) @ 56436000: uvm_test_top.ENV.SCO [SCO] Recieved tx_data:255
UVM_INFO ./tb/tb_SPI.sv(273) @ 56436000: uvm_test_top.ENV.SCO [SCO] *** TEST PASSED ***, tx_data:255, rx_data:255
UVM_INFO ./tb/tb_SPI.sv(202) @ 56455000: uvm_test_top.ENV.AGT.DRV [DRV] Completed[0]: rx=0x255
UVM_INFO ./tb/tb_SPI.sv(101) @ 56455000: uvm_test_top.ENV.AGT.SQR@@SEQ [SEQ] Fixed tx_data: 0xff
UVM_INFO ./tb/tb_SPI.sv(181) @ 56465000: uvm_test_top.ENV.AGT.DRV [DRV] Drive[0]: tx=0x255
UVM_INFO ./tb/tb_SPI.sv(241) @ 64466000: uvm_test_top.ENV.AGT.MON [MON] sampled tx:0xff, rx:0xff, done:1
UVM_INFO ./tb/tb_SPI.sv(269) @ 64466000: uvm_test_top.ENV.SCO [SCO] Recieved tx_data:255
UVM_INFO ./tb/tb_SPI.sv(273) @ 64466000: uvm_test_top.ENV.SCO [SCO] *** TEST PASSED ***, tx_data:255, rx_data:255
UVM_INFO ./tb/tb_SPI.sv(202) @ 64485000: uvm_test_top.ENV.AGT.DRV [DRV] Completed[0]: rx=0x255
UVM_INFO ./tb/tb_SPI.sv(101) @ 64485000: uvm_test_top.ENV.AGT.SQR@@SEQ [SEQ] Fixed tx_data: 0xff
UVM_INFO ./tb/tb_SPI.sv(181) @ 64495000: uvm_test_top.ENV.AGT.DRV [DRV] Drive[0]: tx=0x255
UVM_INFO ./tb/tb_SPI.sv(241) @ 72496000: uvm_test_top.ENV.AGT.MON [MON] sampled tx:0xff, rx:0xff, done:1
UVM_INFO ./tb/tb_SPI.sv(269) @ 72496000: uvm_test_top.ENV.SCO [SCO] Recieved tx_data:255
UVM_INFO ./tb/tb_SPI.sv(273) @ 72496000: uvm_test_top.ENV.SCO [SCO] *** TEST PASSED ***, tx_data:255, rx_data:255
UVM_INFO ./tb/tb_SPI.sv(202) @ 72515000: uvm_test_top.ENV.AGT.DRV [DRV] Completed[0]: rx=0x255
UVM_INFO ./tb/tb_SPI.sv(101) @ 72515000: uvm_test_top.ENV.AGT.SQR@@SEQ [SEQ] Fixed tx_data: 0xff
UVM_INFO ./tb/tb_SPI.sv(181) @ 72525000: uvm_test_top.ENV.AGT.DRV [DRV] Drive[0]: tx=0x255
UVM_INFO ./tb/tb_SPI.sv(241) @ 80526000: uvm_test_top.ENV.AGT.MON [MON] sampled tx:0xff, rx:0xff, done:1
UVM_INFO ./tb/tb_SPI.sv(269) @ 80526000: uvm_test_top.ENV.SCO [SCO] Recieved tx_data:255
UVM_INFO ./tb/tb_SPI.sv(273) @ 80526000: uvm_test_top.ENV.SCO [SCO] *** TEST PASSED ***, tx_data:255, rx_data:255
UVM_INFO ./tb/tb_SPI.sv(202) @ 80545000: uvm_test_top.ENV.AGT.DRV [DRV] Completed[0]: rx=0x255
UVM_INFO ./tb/tb_SPI.sv(165) @ 80545000: uvm_test_top.ENV.AGT.DRV [DRV] SS = 1 (End of scenario)
UVM_INFO ./tb/tb_SPI.sv(78) @ 80545000: uvm_test_top.ENV.AGT.SQR@@SEQ [SEQ] === SPI Test Scenario Completed ===
UVM_INFO /tools/synopsys/vcs/W-2024.09-SP1/etc/uvm-1.2/base/uvm_objection.svh(1276) @ 80545000: reporter [TEST_DONE] 'run' phase is ready to proceed to the 'extract' phase
UVM_INFO /tools/synopsys/vcs/W-2024.09-SP1/etc/uvm-1.2/base/uvm_report_catcher.svh(705) @ 80545000: reporter [UVM/REPORT/CATCHER] 
--- UVM Report catcher Summary ---


Number of demoted UVM_FATAL reports  :    0
Number of demoted UVM_ERROR reports  :    0
Number of demoted UVM_WARNING reports:    0
Number of caught UVM_FATAL reports   :    0
Number of caught UVM_ERROR reports   :    0
Number of caught UVM_WARNING reports :    0

UVM_INFO /tools/synopsys/vcs/W-2024.09-SP1/etc/uvm-1.2/base/uvm_report_server.svh(904) @ 80545000: reporter [UVM/REPORT/SERVER] 
--- UVM Report Summary ---

** Report counts by severity
UVM_INFO :   71
UVM_WARNING :    0
UVM_ERROR :    0
UVM_FATAL :    0
** Report counts by id
[DRV]    24
[MON]    10
[RNTST]     1
[SCO]    20
[SEQ]    12
[TEST_DONE]     1
[UVM/RELNOTES]     1
[UVM/REPORT/CATCHER]     1
[UVMTOP]     1

$finish called from file "/tools/synopsys/vcs/W-2024.09-SP1/etc/uvm-1.2/base/uvm_root.svh", line 527.
$finish at simulation time             80545000
           V C S   S i m u l a t i o n   R e p o r t 
Time: 80545000 ps
CPU Time:      0.200 seconds;       Data structure size:   0.6Mb
Fri May 23 18:48:48 2025
