version: (200506)

available memory: 64M bytes
used memory: 139264 bytes [need 136K bytes if disable swap]

used block: 3 [memory(3) file(0)]
                 [ 8K(1) 64K(2) { total 136K bytes } ]
overhead: (9532) bytes for (3) blocks [Average: (3177) bytes/block]

write  => 0(times) 0K(bytes) [0K bytes to file]
read   => 2(times) 59K(bytes) [10K bytes compressed data from file]
access => 28598(times) 224M(bytes)
          [hit ratio: 99.993%]

time: write(0) read(0)  unit: second

swap file directory: (/home/hedu22/dev/0515_uvm_adder/verdiLog)
used swap file number: (1)



swap file manager:
arrSize: (256)
idxCnt: (4)
closeHead: (1)
closeTail: (2)
openCnt: (2)
fid(3): fd(0) fileName(/home/hedu22/dev/0515_uvm_adder/build/simv.daidir/kdb.elab++/work.lib++/uvm_custom_install_verdi_recorder.sv.tdc)
	size(16102) lastModTime(1747362056) curModTime(1747362056)
	mode(rb)	hot(0) cool(0) pos(0)
fid(2): fd(22) fileName(/home/hedu22/dev/0515_uvm_adder/verdiLog/_swap_0001#261616969#103327)
	size(0) lastModTime(0) curModTime(1747362627)
	mode(w+b)	hot(0) cool(1) pos(0)
fid(1): fd(1073741824) fileName(/home/hedu22/dev/0515_uvm_adder/build/simv.daidir/kdb.elab++/work.lib++/tb_adder.sv.tdc)
	size(25979) lastModTime(1747362056) curModTime(1747362056)
	mode(rb)	hot(2) cool(0) pos(0)
fid(0): fd(0) fileName(NULL)
	mode(NULL)	hot(0) cool(0) pos(0)
==================================================
mySelf(0x1ead4150) pre(0x1e9faab0) next((nil))
version(200506)
date(Dec  3 2024 20:20:45)
